<?xml version="1.0" encoding="UTF-8"?>
<testng-results ignored="0" total="1" passed="1" failed="0" skipped="0">
  <reporter-output>
  </reporter-output>
  <suite started-at="2023-05-06T10:08:26 BST" name="Default suite" finished-at="2023-05-06T10:08:32 BST" duration-ms="6602">
    <groups>
    </groups>
    <test started-at="2023-05-06T10:08:26 BST" name="Default test" finished-at="2023-05-06T10:08:32 BST" duration-ms="6602">
      <class name="com.regression.LoginTest">
        <test-method is-config="true" signature="Initalization()[pri:0, instance:com.regression.LoginTest@7cc0cdad]" started-at="2023-05-06T10:08:26 BST" name="Initalization" finished-at="2023-05-06T10:08:32 BST" duration-ms="6007" status="PASS">
          <reporter-output>
          </reporter-output>
        </test-method> <!-- Initalization -->
        <test-method signature="ValidateLoginPagewithCorrectDetails()[pri:0, instance:com.regression.LoginTest@7cc0cdad]" started-at="2023-05-06T10:08:32 BST" name="ValidateLoginPagewithCorrectDetails" finished-at="2023-05-06T10:08:32 BST" duration-ms="536" status="PASS">
          <reporter-output>
          </reporter-output>
        </test-method> <!-- ValidateLoginPagewithCorrectDetails -->
      </class> <!-- com.regression.LoginTest -->
    </test> <!-- Default test -->
  </suite> <!-- Default suite -->
</testng-results>
